<?xml version="1.0" encoding="UTF-8"?>
<testng-results skipped="0" failed="0" ignored="0" total="2" passed="2">
  <reporter-output>
  </reporter-output>
  <suite name="Default suite" duration-ms="58409" started-at="2019-02-05T15:04:51Z" finished-at="2019-02-05T15:05:49Z">
    <groups>
    </groups>
    <test name="Default test" duration-ms="58409" started-at="2019-02-05T15:04:51Z" finished-at="2019-02-05T15:05:49Z">
      <class name="com.training.functional.tests.RETC055AddNewCategoryPageTest">
        <test-method status="PASS" signature="setUpBeforeClass()[pri:0, instance:com.training.functional.tests.RETC055AddNewCategoryPageTest@6f7fd0e6]" name="setUpBeforeClass" is-config="true" duration-ms="19520" started-at="2019-02-05T15:04:51Z" finished-at="2019-02-05T15:05:10Z">
          <reporter-output>
          </reporter-output>
        </test-method> <!-- setUpBeforeClass -->
        <test-method status="PASS" signature="validLoginTest()[pri:0, instance:com.training.functional.tests.RETC055AddNewCategoryPageTest@6f7fd0e6]" name="validLoginTest" duration-ms="4161" started-at="2019-02-05T15:05:10Z" finished-at="2019-02-05T15:05:14Z">
          <reporter-output>
          </reporter-output>
        </test-method> <!-- validLoginTest -->
        <test-method status="PASS" signature="addNViewCommentsInBlogPageTest()[pri:1, instance:com.training.functional.tests.RETC055AddNewCategoryPageTest@6f7fd0e6]" name="addNViewCommentsInBlogPageTest" duration-ms="28890" started-at="2019-02-05T15:05:14Z" finished-at="2019-02-05T15:05:43Z">
          <reporter-output>
          </reporter-output>
        </test-method> <!-- addNViewCommentsInBlogPageTest -->
        <test-method status="PASS" signature="tearDown()[pri:0, instance:com.training.functional.tests.RETC055AddNewCategoryPageTest@6f7fd0e6]" name="tearDown" is-config="true" duration-ms="5807" started-at="2019-02-05T15:05:43Z" finished-at="2019-02-05T15:05:49Z">
          <reporter-output>
          </reporter-output>
        </test-method> <!-- tearDown -->
      </class> <!-- com.training.functional.tests.RETC055AddNewCategoryPageTest -->
    </test> <!-- Default test -->
  </suite> <!-- Default suite -->
</testng-results>
