<?xml version="1.0" encoding="UTF-8"?>
<!-- Generated by org.testng.reporters.JUnitXMLReporter -->
<testsuite hostname="IBM548-PC0GJ1ML" ignored="0" name="Default test" tests="3" failures="0" timestamp="15 Feb 2019 11:03:31 GMT" time="42.855" errors="0">
  <testcase name="validLoginTest" time="7.751" classname="com.training.functional.tests.RETC023DeleteUserTest"/>
  <testcase name="deleteUser" time="10.72" classname="com.training.functional.tests.RETC023DeleteUserTest"/>
  <testcase name="delUserAssert" time="3.501" classname="com.training.functional.tests.RETC023DeleteUserTest"/>
</testsuite> <!-- Default test -->
