<?xml version="1.0" encoding="UTF-8"?>
<!-- Generated by org.testng.reporters.JUnitXMLReporter -->
<testsuite hostname="IBM548-PC0GJ1ML" ignored="0" name="Default test" tests="3" failures="0" timestamp="27 Jan 2019 11:00:11 GMT" time="136.506" errors="0">
  <testcase name="validLoginTest" time="74.425" classname="com.training.functional.tests.RETC025PropertiesPageTest"/>
  <testcase name="userProperties" time="51.39" classname="com.training.functional.tests.RETC025PropertiesPageTest"/>
  <testcase name="adminPropertiesAssert" time="0.437" classname="com.training.functional.tests.RETC025PropertiesPageTest"/>
</testsuite> <!-- Default test -->
